<?xml version="1.0" encoding="UTF-8"?>
<coverage generated="1633211800256" clover="3.2.0">
  <project timestamp="1633211800256" name="All files">
    <metrics statements="29" coveredstatements="22" conditionals="8" coveredconditionals="6" methods="7" coveredmethods="6" elements="44" coveredelements="34" complexity="0" loc="29" ncloc="29" packages="1" files="1" classes="1"/>
    <file name="LinkedList.js" path="/Users/nneka/Development/code/Resume_Projects/dsa_notes/LinkedList.js">
      <metrics statements="29" coveredstatements="22" conditionals="8" coveredconditionals="6" methods="7" coveredmethods="6"/>
      <line num="3" count="9" type="stmt"/>
      <line num="4" count="9" type="stmt"/>
      <line num="8" count="21" type="stmt"/>
      <line num="9" count="21" type="stmt"/>
      <line num="10" count="21" type="stmt"/>
      <line num="14" count="9" type="cond" truecount="4" falsecount="0"/>
      <line num="15" count="6" type="stmt"/>
      <line num="17" count="3" type="stmt"/>
      <line num="18" count="3" type="stmt"/>
      <line num="19" count="4" type="stmt"/>
      <line num="21" count="3" type="stmt"/>
      <line num="25" count="4" type="cond" truecount="1" falsecount="1"/>
      <line num="27" count="4" type="stmt"/>
      <line num="28" count="4" type="cond" truecount="1" falsecount="1"/>
      <line num="30" count="0" type="stmt"/>
      <line num="36" count="0" type="stmt"/>
      <line num="37" count="0" type="stmt"/>
      <line num="38" count="0" type="stmt"/>
      <line num="39" count="0" type="stmt"/>
      <line num="40" count="0" type="stmt"/>
      <line num="42" count="0" type="stmt"/>
      <line num="48" count="21" type="stmt"/>
      <line num="49" count="21" type="stmt"/>
      <line num="53" count="1" type="stmt"/>
      <line num="54" count="8" type="stmt"/>
      <line num="55" count="8" type="stmt"/>
      <line num="56" count="19" type="stmt"/>
      <line num="58" count="8" type="stmt"/>
      <line num="61" count="1" type="stmt"/>
    </file>
  </project>
</coverage>
