{"/Users/nneka/Development/code/Resume_Projects/dsa_notes/LinkedList.js": {"path":"/Users/nneka/Development/code/Resume_Projects/dsa_notes/LinkedList.js","statementMap":{"0":{"start":{"line":3,"column":8},"end":{"line":3,"column":24}},"1":{"start":{"line":4,"column":8},"end":{"line":4,"column":23}},"2":{"start":{"line":8,"column":24},"end":{"line":8,"column":59}},"3":{"start":{"line":9,"column":8},"end":{"line":9,"column":27}},"4":{"start":{"line":10,"column":8},"end":{"line":10,"column":21}},"5":{"start":{"line":14,"column":8},"end":{"line":15,"column":24}},"6":{"start":{"line":15,"column":12},"end":{"line":15,"column":23}},"7":{"start":{"line":17,"column":22},"end":{"line":17,"column":31}},"8":{"start":{"line":18,"column":8},"end":{"line":20,"column":9}},"9":{"start":{"line":18,"column":20},"end":{"line":18,"column":21}},"10":{"start":{"line":19,"column":12},"end":{"line":19,"column":34}},"11":{"start":{"line":21,"column":8},"end":{"line":21,"column":22}},"12":{"start":{"line":25,"column":21},"end":{"line":25,"column":23}},"13":{"start":{"line":26,"column":22},"end":{"line":26,"column":31}},"14":{"start":{"line":27,"column":8},"end":{"line":30,"column":9}},"15":{"start":{"line":28,"column":12},"end":{"line":28,"column":52}},"16":{"start":{"line":29,"column":12},"end":{"line":29,"column":34}},"17":{"start":{"line":31,"column":8},"end":{"line":31,"column":36}},"18":{"start":{"line":37,"column":8},"end":{"line":37,"column":26}},"19":{"start":{"line":38,"column":8},"end":{"line":38,"column":24}},"20":{"start":{"line":42,"column":0},"end":{"line":48,"column":1}},"21":{"start":{"line":43,"column":15},"end":{"line":43,"column":31}},"22":{"start":{"line":44,"column":4},"end":{"line":46,"column":5}},"23":{"start":{"line":44,"column":17},"end":{"line":44,"column":32}},"24":{"start":{"line":45,"column":8},"end":{"line":45,"column":34}},"25":{"start":{"line":47,"column":4},"end":{"line":47,"column":13}},"26":{"start":{"line":50,"column":0},"end":{"line":50,"column":27}}},"fnMap":{"0":{"name":"(anonymous_0)","decl":{"start":{"line":2,"column":4},"end":{"line":2,"column":5}},"loc":{"start":{"line":2,"column":17},"end":{"line":5,"column":5}},"line":2},"1":{"name":"(anonymous_1)","decl":{"start":{"line":7,"column":4},"end":{"line":7,"column":5}},"loc":{"start":{"line":7,"column":23},"end":{"line":11,"column":5}},"line":7},"2":{"name":"(anonymous_2)","decl":{"start":{"line":13,"column":4},"end":{"line":13,"column":5}},"loc":{"start":{"line":13,"column":21},"end":{"line":22,"column":5}},"line":13},"3":{"name":"(anonymous_3)","decl":{"start":{"line":24,"column":4},"end":{"line":24,"column":5}},"loc":{"start":{"line":24,"column":12},"end":{"line":32,"column":5}},"line":24},"4":{"name":"(anonymous_4)","decl":{"start":{"line":36,"column":4},"end":{"line":36,"column":5}},"loc":{"start":{"line":36,"column":28},"end":{"line":39,"column":5}},"line":36},"5":{"name":"(anonymous_5)","decl":{"start":{"line":42,"column":24},"end":{"line":42,"column":25}},"loc":{"start":{"line":42,"column":44},"end":{"line":48,"column":1}},"line":42}},"branchMap":{"0":{"loc":{"start":{"line":14,"column":8},"end":{"line":15,"column":24}},"type":"if","locations":[{"start":{"line":14,"column":8},"end":{"line":15,"column":24}},{"start":{"line":14,"column":8},"end":{"line":15,"column":24}}],"line":14},"1":{"loc":{"start":{"line":14,"column":12},"end":{"line":14,"column":45}},"type":"binary-expr","locations":[{"start":{"line":14,"column":12},"end":{"line":14,"column":21}},{"start":{"line":14,"column":25},"end":{"line":14,"column":45}}],"line":14}},"s":{"0":9,"1":9,"2":21,"3":21,"4":21,"5":4,"6":2,"7":2,"8":2,"9":2,"10":2,"11":2,"12":0,"13":0,"14":0,"15":0,"16":0,"17":0,"18":21,"19":21,"20":1,"21":8,"22":8,"23":8,"24":19,"25":8,"26":1},"f":{"0":9,"1":21,"2":4,"3":0,"4":21,"5":8},"b":{"0":[2,2],"1":[4,3]},"_coverageSchema":"1a1c01bbd47fc00a2c39e90264f33305004495a9","hash":"6e942daedc49fb7bb190fbbb896491ccada021f7"}
}
