{"/Users/nneka/Development/code/Resume_Projects/dsa_notes/LinkedList.js": {"path":"/Users/nneka/Development/code/Resume_Projects/dsa_notes/LinkedList.js","statementMap":{"0":{"start":{"line":3,"column":8},"end":{"line":3,"column":24}},"1":{"start":{"line":4,"column":8},"end":{"line":4,"column":23}},"2":{"start":{"line":8,"column":24},"end":{"line":8,"column":59}},"3":{"start":{"line":9,"column":8},"end":{"line":9,"column":27}},"4":{"start":{"line":10,"column":8},"end":{"line":10,"column":21}},"5":{"start":{"line":14,"column":8},"end":{"line":15,"column":24}},"6":{"start":{"line":15,"column":12},"end":{"line":15,"column":23}},"7":{"start":{"line":17,"column":22},"end":{"line":17,"column":31}},"8":{"start":{"line":18,"column":8},"end":{"line":20,"column":9}},"9":{"start":{"line":18,"column":20},"end":{"line":18,"column":21}},"10":{"start":{"line":19,"column":12},"end":{"line":19,"column":34}},"11":{"start":{"line":21,"column":8},"end":{"line":21,"column":22}},"12":{"start":{"line":25,"column":8},"end":{"line":25,"column":56}},"13":{"start":{"line":25,"column":24},"end":{"line":25,"column":55}},"14":{"start":{"line":27,"column":19},"end":{"line":27,"column":45}},"15":{"start":{"line":28,"column":8},"end":{"line":28,"column":37}},"16":{"start":{"line":28,"column":26},"end":{"line":28,"column":37}},"17":{"start":{"line":30,"column":8},"end":{"line":30,"column":56}},"18":{"start":{"line":36,"column":21},"end":{"line":36,"column":23}},"19":{"start":{"line":37,"column":22},"end":{"line":37,"column":31}},"20":{"start":{"line":38,"column":8},"end":{"line":41,"column":9}},"21":{"start":{"line":39,"column":12},"end":{"line":39,"column":52}},"22":{"start":{"line":40,"column":12},"end":{"line":40,"column":34}},"23":{"start":{"line":42,"column":8},"end":{"line":42,"column":36}},"24":{"start":{"line":48,"column":8},"end":{"line":48,"column":26}},"25":{"start":{"line":49,"column":8},"end":{"line":49,"column":24}},"26":{"start":{"line":53,"column":0},"end":{"line":59,"column":1}},"27":{"start":{"line":54,"column":15},"end":{"line":54,"column":31}},"28":{"start":{"line":55,"column":4},"end":{"line":57,"column":5}},"29":{"start":{"line":55,"column":17},"end":{"line":55,"column":32}},"30":{"start":{"line":56,"column":8},"end":{"line":56,"column":34}},"31":{"start":{"line":58,"column":4},"end":{"line":58,"column":13}},"32":{"start":{"line":61,"column":0},"end":{"line":61,"column":27}}},"fnMap":{"0":{"name":"(anonymous_0)","decl":{"start":{"line":2,"column":4},"end":{"line":2,"column":5}},"loc":{"start":{"line":2,"column":17},"end":{"line":5,"column":5}},"line":2},"1":{"name":"(anonymous_1)","decl":{"start":{"line":7,"column":4},"end":{"line":7,"column":5}},"loc":{"start":{"line":7,"column":23},"end":{"line":11,"column":5}},"line":7},"2":{"name":"(anonymous_2)","decl":{"start":{"line":13,"column":4},"end":{"line":13,"column":5}},"loc":{"start":{"line":13,"column":21},"end":{"line":22,"column":5}},"line":13},"3":{"name":"(anonymous_3)","decl":{"start":{"line":24,"column":4},"end":{"line":24,"column":5}},"loc":{"start":{"line":24,"column":31},"end":{"line":32,"column":5}},"line":24},"4":{"name":"(anonymous_4)","decl":{"start":{"line":35,"column":4},"end":{"line":35,"column":5}},"loc":{"start":{"line":35,"column":12},"end":{"line":43,"column":5}},"line":35},"5":{"name":"(anonymous_5)","decl":{"start":{"line":47,"column":4},"end":{"line":47,"column":5}},"loc":{"start":{"line":47,"column":28},"end":{"line":50,"column":5}},"line":47},"6":{"name":"(anonymous_6)","decl":{"start":{"line":53,"column":24},"end":{"line":53,"column":25}},"loc":{"start":{"line":53,"column":44},"end":{"line":59,"column":1}},"line":53}},"branchMap":{"0":{"loc":{"start":{"line":14,"column":8},"end":{"line":15,"column":24}},"type":"if","locations":[{"start":{"line":14,"column":8},"end":{"line":15,"column":24}},{"start":{"line":14,"column":8},"end":{"line":15,"column":24}}],"line":14},"1":{"loc":{"start":{"line":14,"column":12},"end":{"line":14,"column":45}},"type":"binary-expr","locations":[{"start":{"line":14,"column":12},"end":{"line":14,"column":21}},{"start":{"line":14,"column":25},"end":{"line":14,"column":45}}],"line":14},"2":{"loc":{"start":{"line":25,"column":8},"end":{"line":25,"column":56}},"type":"if","locations":[{"start":{"line":25,"column":8},"end":{"line":25,"column":56}},{"start":{"line":25,"column":8},"end":{"line":25,"column":56}}],"line":25},"3":{"loc":{"start":{"line":28,"column":8},"end":{"line":28,"column":37}},"type":"if","locations":[{"start":{"line":28,"column":8},"end":{"line":28,"column":37}},{"start":{"line":28,"column":8},"end":{"line":28,"column":37}}],"line":28}},"s":{"0":9,"1":9,"2":21,"3":21,"4":21,"5":9,"6":6,"7":3,"8":3,"9":3,"10":4,"11":3,"12":4,"13":0,"14":4,"15":4,"16":4,"17":0,"18":0,"19":0,"20":0,"21":0,"22":0,"23":0,"24":21,"25":21,"26":1,"27":8,"28":8,"29":8,"30":19,"31":8,"32":1},"f":{"0":9,"1":21,"2":9,"3":4,"4":0,"5":21,"6":8},"b":{"0":[6,3],"1":[9,4],"2":[0,4],"3":[4,0]},"_coverageSchema":"1a1c01bbd47fc00a2c39e90264f33305004495a9","hash":"46ff6f3a026de36ff13040fb29a43cb5f65eac31"}
}
