TN:
SF:LinkedList.js
FN:2,(anonymous_0)
FN:7,(anonymous_1)
FN:13,(anonymous_2)
FN:24,(anonymous_3)
FN:35,(anonymous_4)
FN:47,(anonymous_5)
FN:53,(anonymous_6)
FNF:7
FNH:6
FNDA:9,(anonymous_0)
FNDA:21,(anonymous_1)
FNDA:9,(anonymous_2)
FNDA:4,(anonymous_3)
FNDA:0,(anonymous_4)
FNDA:21,(anonymous_5)
FNDA:8,(anonymous_6)
DA:3,9
DA:4,9
DA:8,21
DA:9,21
DA:10,21
DA:14,9
DA:15,6
DA:17,3
DA:18,3
DA:19,4
DA:21,3
DA:25,4
DA:27,4
DA:28,4
DA:30,0
DA:36,0
DA:37,0
DA:38,0
DA:39,0
DA:40,0
DA:42,0
DA:48,21
DA:49,21
DA:53,1
DA:54,8
DA:55,8
DA:56,19
DA:58,8
DA:61,1
LF:29
LH:22
BRDA:14,0,0,6
BRDA:14,0,1,3
BRDA:14,1,0,9
BRDA:14,1,1,4
BRDA:25,2,0,0
BRDA:25,2,1,4
BRDA:28,3,0,4
BRDA:28,3,1,0
BRF:8
BRH:6
end_of_record
