TN:
SF:LinkedList.js
FN:2,(anonymous_0)
FN:7,(anonymous_1)
FN:13,(anonymous_2)
FN:24,(anonymous_3)
FN:36,(anonymous_4)
FN:42,(anonymous_5)
FNF:6
FNH:5
FNDA:9,(anonymous_0)
FNDA:21,(anonymous_1)
FNDA:4,(anonymous_2)
FNDA:0,(anonymous_3)
FNDA:21,(anonymous_4)
FNDA:8,(anonymous_5)
DA:3,9
DA:4,9
DA:8,21
DA:9,21
DA:10,21
DA:14,4
DA:15,2
DA:17,2
DA:18,2
DA:19,2
DA:21,2
DA:25,0
DA:26,0
DA:27,0
DA:28,0
DA:29,0
DA:31,0
DA:37,21
DA:38,21
DA:42,1
DA:43,8
DA:44,8
DA:45,19
DA:47,8
DA:50,1
LF:25
LH:19
BRDA:14,0,0,2
BRDA:14,0,1,2
BRDA:14,1,0,4
BRDA:14,1,1,3
BRF:4
BRH:4
end_of_record
